<?xml version="1.0" encoding="UTF-8"?>
<testsuite name="Matrix" tests="4" skipped="0" failures="0" errors="0" timestamp="2024-12-09T20:07:00" hostname="DESKTOP-9EVPGCD" time="0.617">
  <properties/>
  <testcase name="Determinant" classname="Matrix" time="0.589"/>
  <testcase name="Transpose" classname="Matrix" time="0.013"/>
  <testcase name="Inverse" classname="Matrix" time="0.007"/>
  <testcase name="Cofactor" classname="Matrix" time="0.008"/>
  <system-out><![CDATA[]]></system-out>
  <system-err><![CDATA[]]></system-err>
</testsuite>
